2020-09-11 19:42:23.125  INFO [users-ws,,,] 60759 --- [main] c.c.c.ConfigServicePropertySourceLocator : Fetching config from server at : http://localhost:8012
2020-09-11 19:42:23.337  INFO [users-ws,,,] 60759 --- [main] c.c.c.ConfigServicePropertySourceLocator : Connect Timeout Exception on Url - http://localhost:8012. Will be trying the next url if available
2020-09-11 19:42:23.338  WARN [users-ws,,,] 60759 --- [main] c.c.c.ConfigServicePropertySourceLocator : Could not locate PropertySource: I/O error on GET request for "http://localhost:8012/users-ws/default": Connection refused (Connection refused); nested exception is java.net.ConnectException: Connection refused (Connection refused)
2020-09-11 19:42:23.353  INFO [users-ws,,,] 60759 --- [main] a.p.a.u.PhotoAppApiUsersApplicationTests : No active profile set, falling back to default profiles: default
2020-09-11 19:42:24.462  WARN [users-ws,,,] 60759 --- [main] o.s.boot.actuate.endpoint.EndpointId     : Endpoint ID 'bus-env' contains invalid characters, please migrate to a valid format.
2020-09-11 19:42:24.837  INFO [users-ws,,,] 60759 --- [main] .s.d.r.c.RepositoryConfigurationDelegate : Bootstrapping Spring Data JPA repositories in DEFERRED mode.
2020-09-11 19:42:25.127  INFO [users-ws,,,] 60759 --- [main] .s.d.r.c.RepositoryConfigurationDelegate : Finished Spring Data repository scanning in 275ms. Found 1 JPA repository interfaces.
2020-09-11 19:42:25.210  WARN [users-ws,,,] 60759 --- [main] o.s.boot.actuate.endpoint.EndpointId     : Endpoint ID 'bus-refresh' contains invalid characters, please migrate to a valid format.
2020-09-11 19:42:25.297  WARN [users-ws,,,] 60759 --- [main] o.s.boot.actuate.endpoint.EndpointId     : Endpoint ID 'service-registry' contains invalid characters, please migrate to a valid format.
2020-09-11 19:42:25.444  WARN [users-ws,,,] 60759 --- [main] o.s.boot.actuate.endpoint.EndpointId     : Endpoint ID 'hystrix.stream' contains invalid characters, please migrate to a valid format.
2020-09-11 19:42:25.784  INFO [users-ws,,,] 60759 --- [main] o.s.cloud.context.scope.GenericScope     : BeanFactory id=a384c2a2-35ac-3cac-be37-3e0b6bf015ce
2020-09-11 19:42:25.900  INFO [users-ws,,,] 60759 --- [main] faultConfiguringBeanFactoryPostProcessor : No bean named 'errorChannel' has been explicitly defined. Therefore, a default PublishSubscribeChannel will be created.
2020-09-11 19:42:25.910  INFO [users-ws,,,] 60759 --- [main] faultConfiguringBeanFactoryPostProcessor : No bean named 'taskScheduler' has been explicitly defined. Therefore, a default ThreadPoolTaskScheduler will be created.
2020-09-11 19:42:25.920  INFO [users-ws,,,] 60759 --- [main] faultConfiguringBeanFactoryPostProcessor : No bean named 'integrationHeaderChannelRegistry' has been explicitly defined. Therefore, a default DefaultHeaderChannelRegistry will be created.
2020-09-11 19:42:26.640  INFO [users-ws,,,] 60759 --- [main] trationDelegate$BeanPostProcessorChecker : Bean 'integrationChannelResolver' of type [org.springframework.integration.support.channel.BeanFactoryChannelResolver] is not eligible for getting processed by all BeanPostProcessors (for example: not eligible for auto-proxying)
2020-09-11 19:42:26.653  INFO [users-ws,,,] 60759 --- [main] trationDelegate$BeanPostProcessorChecker : Bean 'integrationDisposableAutoCreatedBeans' of type [org.springframework.integration.config.annotation.Disposables] is not eligible for getting processed by all BeanPostProcessors (for example: not eligible for auto-proxying)
2020-09-11 19:42:26.726  INFO [users-ws,,,] 60759 --- [main] trationDelegate$BeanPostProcessorChecker : Bean 'org.springframework.integration.config.IntegrationManagementConfiguration' of type [org.springframework.integration.config.IntegrationManagementConfiguration] is not eligible for getting processed by all BeanPostProcessors (for example: not eligible for auto-proxying)
2020-09-11 19:42:27.397  INFO [users-ws,,,] 60759 --- [main] o.s.s.concurrent.ThreadPoolTaskExecutor  : Initializing ExecutorService 'applicationTaskExecutor'
2020-09-11 19:42:27.564  INFO [users-ws,,,] 60759 --- [main] o.s.s.c.ThreadPoolTaskScheduler          : Initializing ExecutorService 'taskScheduler'
2020-09-11 19:42:27.700  INFO [users-ws,,,] 60759 --- [task-1] o.hibernate.jpa.internal.util.LogHelper  : HHH000204: Processing PersistenceUnitInfo [name: default]
2020-09-11 19:42:27.815  INFO [users-ws,,,] 60759 --- [task-1] org.hibernate.Version                    : HHH000412: Hibernate ORM core version 5.4.20.Final
2020-09-11 19:42:27.993  WARN [users-ws,,,] 60759 --- [main] JpaBaseConfiguration$JpaWebConfiguration : spring.jpa.open-in-view is enabled by default. Therefore, database queries may be performed during view rendering. Explicitly configure spring.jpa.open-in-view to disable this warning
2020-09-11 19:42:28.140  INFO [users-ws,,,] 60759 --- [task-1] o.hibernate.annotations.common.Version   : HCANN000001: Hibernate Commons Annotations {5.1.0.Final}
2020-09-11 19:42:28.343  INFO [users-ws,,,] 60759 --- [task-1] com.zaxxer.hikari.HikariDataSource       : HikariPool-1 - Starting...
2020-09-11 19:42:28.434  WARN [users-ws,,,] 60759 --- [main] c.n.c.sources.URLConfigurationSource     : No URLs will be polled as dynamic configuration sources.
2020-09-11 19:42:28.435  INFO [users-ws,,,] 60759 --- [main] c.n.c.sources.URLConfigurationSource     : To enable URLs as dynamic configuration sources, define System property archaius.configurationSource.additionalUrls or make config.properties available on classpath.
2020-09-11 19:42:28.460  INFO [users-ws,,,] 60759 --- [main] c.netflix.config.DynamicPropertyFactory  : DynamicPropertyFactory is initialized with configuration sources: com.netflix.config.ConcurrentCompositeConfiguration@6076c66
2020-09-11 19:42:29.047  INFO [users-ws,,,] 60759 --- [task-1] com.zaxxer.hikari.HikariDataSource       : HikariPool-1 - Start completed.
2020-09-11 19:42:29.060  INFO [users-ws,,,] 60759 --- [main] o.s.b.a.h2.H2ConsoleAutoConfiguration    : H2 console available at '/h2-console'. Database available at 'jdbc:mysql://localhost:3306/photo_app?serverTimezone=UTC'
2020-09-11 19:42:29.118  INFO [users-ws,,,] 60759 --- [task-1] org.hibernate.dialect.Dialect            : HHH000400: Using dialect: org.hibernate.dialect.MySQL8Dialect
2020-09-11 19:42:29.326  INFO [users-ws,,,] 60759 --- [main] DeferredRepositoryInitializationListener : Triggering deferred initialization of Spring Data repositories…
2020-09-11 19:42:30.276  INFO [users-ws,,,] 60759 --- [task-1] o.h.e.t.j.p.i.JtaPlatformInitiator       : HHH000490: Using JtaPlatform implementation: [org.hibernate.engine.transaction.jta.platform.internal.NoJtaPlatform]
2020-09-11 19:42:30.287  INFO [users-ws,,,] 60759 --- [task-1] j.LocalContainerEntityManagerFactoryBean : Initialized JPA EntityManagerFactory for persistence unit 'default'
2020-09-11 19:42:30.726  INFO [users-ws,,,] 60759 --- [main] DeferredRepositoryInitializationListener : Spring Data repositories initialized!
2020-09-11 19:42:31.525  INFO [users-ws,,,] 60759 --- [main] o.s.s.web.DefaultSecurityFilterChain     : Creating filter chain: any request, [org.springframework.security.web.context.request.async.WebAsyncManagerIntegrationFilter@771afdd5, org.springframework.security.web.context.SecurityContextPersistenceFilter@4cded2cd, org.springframework.security.web.header.HeaderWriterFilter@1d008e61, org.springframework.security.web.authentication.logout.LogoutFilter@191774d6, com.appsdeveloperblog.photoapp.api.users.security.AuthenticationFilter@3abadb65, org.springframework.security.web.savedrequest.RequestCacheAwareFilter@31c5304f, org.springframework.security.web.servletapi.SecurityContextHolderAwareRequestFilter@5d6d424d, org.springframework.security.web.authentication.AnonymousAuthenticationFilter@7131d668, org.springframework.security.web.session.SessionManagementFilter@3b64f131, org.springframework.security.web.access.ExceptionTranslationFilter@77b22b05, org.springframework.security.web.access.intercept.FilterSecurityInterceptor@49639118]
2020-09-11 19:42:31.842  WARN [users-ws,,,] 60759 --- [main] c.n.c.sources.URLConfigurationSource     : No URLs will be polled as dynamic configuration sources.
2020-09-11 19:42:31.842  INFO [users-ws,,,] 60759 --- [main] c.n.c.sources.URLConfigurationSource     : To enable URLs as dynamic configuration sources, define System property archaius.configurationSource.additionalUrls or make config.properties available on classpath.
2020-09-11 19:42:33.363  WARN [users-ws,,,] 60759 --- [main] o.s.c.s.zipkin2.ZipkinAutoConfiguration  : Check result of the [RestTemplateSender{http://localhost:9411/api/v2/spans}] contains an error [CheckResult{ok=false, error=org.springframework.web.client.ResourceAccessException: I/O error on POST request for "http://localhost:9411/api/v2/spans": Connection refused (Connection refused); nested exception is java.net.ConnectException: Connection refused (Connection refused)}]
2020-09-11 19:42:34.134  INFO [users-ws,,,] 60759 --- [main] onConfiguration$FunctionBindingRegistrar : Functional binding is disabled due to the presense of @EnableBinding annotation in your configuration
2020-09-11 19:42:34.669  INFO [users-ws,,,] 60759 --- [main] DiscoveryClientOptionalArgsConfiguration : Eureka HTTP Client uses Jersey
2020-09-11 19:42:34.878  WARN [users-ws,,,] 60759 --- [main] ockingLoadBalancerClientRibbonWarnLogger : You already have RibbonLoadBalancerClient on your classpath. It will be used by default. As Spring Cloud Ribbon is in maintenance mode. We recommend switching to BlockingLoadBalancerClient instead. In order to use it, set the value of `spring.cloud.loadbalancer.ribbon.enabled` to `false` or remove spring-cloud-starter-netflix-ribbon from your project.
2020-09-11 19:42:35.396  INFO [users-ws,,,] 60759 --- [main] o.s.b.a.e.web.EndpointLinksResolver      : Exposing 1 endpoint(s) beneath base path '/actuator'
2020-09-11 19:42:35.683  INFO [users-ws,,,] 60759 --- [main] o.s.c.s.m.DirectWithAttributesChannel    : Channel 'application-1.springCloudBusInput' has 1 subscriber(s).
2020-09-11 19:42:35.712  INFO [users-ws,,,] 60759 --- [main] o.s.i.endpoint.EventDrivenConsumer       : Adding {logging-channel-adapter:_org.springframework.integration.errorLogger} as a subscriber to the 'errorChannel' channel
2020-09-11 19:42:35.713  INFO [users-ws,,,] 60759 --- [main] o.s.i.channel.PublishSubscribeChannel    : Channel 'application-1.errorChannel' has 1 subscriber(s).
2020-09-11 19:42:35.713  INFO [users-ws,,,] 60759 --- [main] o.s.i.endpoint.EventDrivenConsumer       : started bean '_org.springframework.integration.errorLogger'
2020-09-11 19:42:35.715  INFO [users-ws,,,] 60759 --- [main] o.s.c.s.binder.DefaultBinderFactory      : Creating binder: rabbit
2020-09-11 19:42:35.778  INFO [users-ws,,,] 60759 --- [main] c.c.c.ConfigServicePropertySourceLocator : Fetching config from server at : http://localhost:8012
2020-09-11 19:42:35.785  INFO [users-ws,,,] 60759 --- [main] c.c.c.ConfigServicePropertySourceLocator : Connect Timeout Exception on Url - http://localhost:8012. Will be trying the next url if available
2020-09-11 19:42:35.785  WARN [users-ws,,,] 60759 --- [main] c.c.c.ConfigServicePropertySourceLocator : Could not locate PropertySource: I/O error on GET request for "http://localhost:8012/users-ws/default": Connection refused (Connection refused); nested exception is java.net.ConnectException: Connection refused (Connection refused)
2020-09-11 19:42:35.912  INFO [users-ws,,,] 60759 --- [main] DeferredRepositoryInitializationListener : Triggering deferred initialization of Spring Data repositories…
2020-09-11 19:42:35.913  INFO [users-ws,,,] 60759 --- [main] DeferredRepositoryInitializationListener : Spring Data repositories initialized!
2020-09-11 19:42:35.951  INFO [users-ws,,,] 60759 --- [main] o.s.c.s.binder.DefaultBinderFactory      : Caching the binder: rabbit
2020-09-11 19:42:35.952  INFO [users-ws,,,] 60759 --- [main] o.s.c.s.binder.DefaultBinderFactory      : Retrieving cached binder: rabbit
2020-09-11 19:42:36.096  INFO [users-ws,,,] 60759 --- [main] o.s.a.r.c.CachingConnectionFactory       : Attempting to connect to: [localhost:5672]
2020-09-11 19:42:36.175  WARN [users-ws,,,] 60759 --- [AMQP Connection 127.0.0.1:5672] c.r.c.impl.ForgivingExceptionHandler     : An unexpected connection driver error occured (Exception message: Connection reset)
2020-09-11 19:42:36.187  INFO [users-ws,,,] 60759 --- [main] o.s.c.s.m.DirectWithAttributesChannel    : Channel 'application-1.springCloudBusOutput' has 1 subscriber(s).
2020-09-11 19:42:36.199  INFO [users-ws,,,] 60759 --- [main] o.s.c.s.binder.DefaultBinderFactory      : Retrieving cached binder: rabbit
2020-09-11 19:42:36.234  INFO [users-ws,,,] 60759 --- [main] c.s.b.r.p.RabbitExchangeQueueProvisioner : declaring queue for inbound: springCloudBus.anonymous.4aAwSrYxT3CabIxMfJIJQg, bound to: springCloudBus
2020-09-11 19:42:36.234  INFO [users-ws,,,] 60759 --- [main] o.s.a.r.c.CachingConnectionFactory       : Attempting to connect to: [localhost:5672]
2020-09-11 19:42:36.240  WARN [users-ws,,,] 60759 --- [AMQP Connection 127.0.0.1:5672] c.r.c.impl.ForgivingExceptionHandler     : An unexpected connection driver error occured (Exception message: Connection reset)
2020-09-11 19:42:36.241  INFO [users-ws,,,] 60759 --- [main] o.s.a.r.c.CachingConnectionFactory       : Attempting to connect to: [localhost:5672]
2020-09-11 19:42:36.247  WARN [users-ws,,,] 60759 --- [AMQP Connection 127.0.0.1:5672] c.r.c.impl.ForgivingExceptionHandler     : An unexpected connection driver error occured (Exception message: Connection reset)
2020-09-11 19:42:36.250  INFO [users-ws,,,] 60759 --- [main] o.s.a.r.c.CachingConnectionFactory       : Attempting to connect to: [localhost:5672]
2020-09-11 19:42:36.256  WARN [users-ws,,,] 60759 --- [AMQP Connection 127.0.0.1:5672] c.r.c.impl.ForgivingExceptionHandler     : An unexpected connection driver error occured (Exception message: Connection reset)
2020-09-11 19:42:36.281  INFO [users-ws,,,] 60759 --- [main] o.s.c.stream.binder.BinderErrorChannel   : Channel 'springCloudBus.anonymous.4aAwSrYxT3CabIxMfJIJQg.errors' has 1 subscriber(s).
2020-09-11 19:42:36.281  INFO [users-ws,,,] 60759 --- [main] o.s.c.stream.binder.BinderErrorChannel   : Channel 'springCloudBus.anonymous.4aAwSrYxT3CabIxMfJIJQg.errors' has 2 subscriber(s).
2020-09-11 19:42:36.283  INFO [users-ws,,,] 60759 --- [main] o.s.a.r.c.CachingConnectionFactory       : Attempting to connect to: [localhost:5672]
2020-09-11 19:42:36.293  WARN [users-ws,,,] 60759 --- [AMQP Connection 127.0.0.1:5672] c.r.c.impl.ForgivingExceptionHandler     : An unexpected connection driver error occured (Exception message: Connection reset)
2020-09-11 19:42:36.294  INFO [users-ws,,,] 60759 --- [main] o.s.a.r.l.SimpleMessageListenerContainer : Broker not available; cannot force queue declarations during start: java.net.ConnectException: Connection refused (Connection refused)
2020-09-11 19:42:36.306  INFO [users-ws,,,] 60759 --- [springCloudBus.anonymous.4aAwSrYxT3CabIxMfJIJQg-1] o.s.a.r.c.CachingConnectionFactory       : Attempting to connect to: [localhost:5672]
2020-09-11 19:42:36.313  WARN [users-ws,,,] 60759 --- [AMQP Connection 127.0.0.1:5672] c.r.c.impl.ForgivingExceptionHandler     : An unexpected connection driver error occured (Exception message: Socket closed)
2020-09-11 19:42:36.313  INFO [users-ws,,,] 60759 --- [main] o.s.i.a.i.AmqpInboundChannelAdapter      : started bean 'inbound.springCloudBus.anonymous.4aAwSrYxT3CabIxMfJIJQg'
2020-09-11 19:42:36.316  INFO [users-ws,,,] 60759 --- [main] DeferredRepositoryInitializationListener : Triggering deferred initialization of Spring Data repositories…
2020-09-11 19:42:36.317  INFO [users-ws,,,] 60759 --- [main] DeferredRepositoryInitializationListener : Spring Data repositories initialized!
2020-09-11 19:42:36.377  INFO [users-ws,,,] 60759 --- [main] a.p.a.u.PhotoAppApiUsersApplicationTests : Started PhotoAppApiUsersApplicationTests in 14.24 seconds (JVM running for 15.371)
2020-09-11 19:42:36.526  INFO [users-ws,,,] 60759 --- [SpringContextShutdownHook] o.s.c.n.eureka.InstanceInfoFactory       : Setting initial instance status as: STARTING
2020-09-11 19:42:36.531  INFO [users-ws,,,] 60759 --- [SpringContextShutdownHook] o.s.c.n.e.s.EurekaServiceRegistry        : Unregistering application USERS-WS with eureka with status DOWN
2020-09-11 19:42:36.537  INFO [users-ws,,,] 60759 --- [SpringContextShutdownHook] o.s.a.r.l.SimpleMessageListenerContainer : Waiting for workers to finish.
2020-09-11 19:42:36.537  INFO [users-ws,,,] 60759 --- [SpringContextShutdownHook] o.s.a.r.l.SimpleMessageListenerContainer : Successfully waited for workers to finish.
2020-09-11 19:42:36.537  INFO [users-ws,,,] 60759 --- [SpringContextShutdownHook] o.s.i.a.i.AmqpInboundChannelAdapter      : stopped bean 'inbound.springCloudBus.anonymous.4aAwSrYxT3CabIxMfJIJQg'
2020-09-11 19:42:36.577  INFO [users-ws,,,] 60759 --- [SpringContextShutdownHook] o.s.c.stream.binder.BinderErrorChannel   : Channel 'application-1.springCloudBus.anonymous.4aAwSrYxT3CabIxMfJIJQg.errors' has 1 subscriber(s).
2020-09-11 19:42:36.578  INFO [users-ws,,,] 60759 --- [SpringContextShutdownHook] o.s.c.stream.binder.BinderErrorChannel   : Channel 'application-1.springCloudBus.anonymous.4aAwSrYxT3CabIxMfJIJQg.errors' has 0 subscriber(s).
2020-09-11 19:42:36.581  INFO [users-ws,,,] 60759 --- [SpringContextShutdownHook] o.s.i.endpoint.EventDrivenConsumer       : Removing {logging-channel-adapter:_org.springframework.integration.errorLogger} as a subscriber to the 'errorChannel' channel
2020-09-11 19:42:36.581  INFO [users-ws,,,] 60759 --- [SpringContextShutdownHook] o.s.i.channel.PublishSubscribeChannel    : Channel 'application-1.errorChannel' has 0 subscriber(s).
2020-09-11 19:42:36.582  INFO [users-ws,,,] 60759 --- [SpringContextShutdownHook] o.s.i.endpoint.EventDrivenConsumer       : stopped bean '_org.springframework.integration.errorLogger'
2020-09-11 19:42:37.615  INFO [users-ws,,,] 60759 --- [SpringContextShutdownHook] j.LocalContainerEntityManagerFactoryBean : Closing JPA EntityManagerFactory for persistence unit 'default'
2020-09-11 19:42:37.618  INFO [users-ws,,,] 60759 --- [SpringContextShutdownHook] o.s.s.c.ThreadPoolTaskScheduler          : Shutting down ExecutorService 'taskScheduler'
2020-09-11 19:42:37.618  INFO [users-ws,,,] 60759 --- [SpringContextShutdownHook] o.s.s.concurrent.ThreadPoolTaskExecutor  : Shutting down ExecutorService 'applicationTaskExecutor'
2020-09-11 19:42:37.618  INFO [users-ws,,,] 60759 --- [SpringContextShutdownHook] com.zaxxer.hikari.HikariDataSource       : HikariPool-1 - Shutdown initiated...
2020-09-11 19:42:37.627  INFO [users-ws,,,] 60759 --- [SpringContextShutdownHook] com.zaxxer.hikari.HikariDataSource       : HikariPool-1 - Shutdown completed.
